This file contains any messages produced by compilers while
running configure, to aid debugging if configure makes a mistake.

It was created by cgenerator configure 2020-11-30, which was
generated by GNU Autoconf 2.69.  Invocation command line was

  $ ./configure --no-create --no-recursion

## --------- ##
## Platform. ##
## --------- ##

hostname = archi
uname -m = x86_64
uname -r = 5.9.10-arch1-1
uname -s = Linux
uname -v = #1 SMP PREEMPT Sun, 22 Nov 2020 14:16:59 +0000

/usr/bin/uname -p = unknown
/bin/uname -X     = unknown

/bin/arch              = unknown
/usr/bin/arch -k       = unknown
/usr/convex/getsysinfo = unknown
/usr/bin/hostinfo      = unknown
/bin/machine           = unknown
/usr/bin/oslevel       = unknown
/bin/universe          = unknown

PATH: /usr/local/sbin
PATH: /usr/local/bin
PATH: /usr/bin
PATH: /usr/lib/jvm/default/bin
PATH: /usr/bin/site_perl
PATH: /usr/bin/vendor_perl
PATH: /usr/bin/core_perl
PATH: /home/faoziaziz/dev/installer/gcc-arm-none-eabi-9-2020-q2-update/bin
PATH: /home/faoziaziz/dev/flutter/bin
PATH: /home/faoziaziz/dev/installer/gcc-arm-none-eabi-9-2020-q2-update/bin
PATH: /home/faoziaziz/dev/flutter/bin


## ----------- ##
## Core tests. ##
## ----------- ##

configure:2333: checking for a BSD-compatible install
configure:2401: result: /usr/bin/install -c
configure:2412: checking whether build environment is sane
configure:2467: result: yes
configure:2616: checking for a thread-safe mkdir -p
configure:2655: result: /usr/bin/mkdir -p
configure:2662: checking for gawk
configure:2678: found /usr/bin/gawk
configure:2689: result: gawk
configure:2700: checking whether make sets $(MAKE)
configure:2722: result: yes
configure:2751: checking whether make supports nested variables
configure:2768: result: yes
configure:2857: checking whether UID '1000' is supported by ustar format
configure:2860: result: yes
configure:2867: checking whether GID '1000' is supported by ustar format
configure:2870: result: yes
configure:2878: checking how to create a ustar tar archive
configure:2889: tar --version
tar (GNU tar) 1.32
Copyright (C) 2019 Free Software Foundation, Inc.
License GPLv3+: GNU GPL version 3 or later <https://gnu.org/licenses/gpl.html>.
This is free software: you are free to change and redistribute it.
There is NO WARRANTY, to the extent permitted by law.

Written by John Gilmore and Jay Fenlason.
configure:2892: $? = 0
configure:2932: tardir=conftest.dir && eval tar --format=ustar -chf - "$tardir" >conftest.tar
configure:2935: $? = 0
configure:2939: tar -xf - <conftest.tar
configure:2942: $? = 0
configure:2944: cat conftest.dir/file
GrepMe
configure:2947: $? = 0
configure:2960: result: gnutar
configure:3011: checking whether to enable maintainer-specific portions of Makefiles
configure:3020: result: no
configure:3044: checking whether make supports nested variables
configure:3061: result: yes
configure:3077: checking whether make supports the include directive
configure:3092: make -f confmf.GNU && cat confinc.out
make[1]: Entering directory '/home/faoziaziz/dev/qr-gen/vC/cgenerator'
make[1]: Leaving directory '/home/faoziaziz/dev/qr-gen/vC/cgenerator'
this is the am__doit target
configure:3095: $? = 0
configure:3114: result: yes (GNU style)
configure:3184: checking for gcc
configure:3200: found /usr/bin/gcc
configure:3211: result: gcc
configure:3440: checking for C compiler version
configure:3449: gcc --version >&5
gcc (GCC) 10.2.0
Copyright (C) 2020 Free Software Foundation, Inc.
This is free software; see the source for copying conditions.  There is NO
warranty; not even for MERCHANTABILITY or FITNESS FOR A PARTICULAR PURPOSE.

configure:3460: $? = 0
configure:3449: gcc -v >&5
Using built-in specs.
COLLECT_GCC=gcc
COLLECT_LTO_WRAPPER=/usr/lib/gcc/x86_64-pc-linux-gnu/10.2.0/lto-wrapper
Target: x86_64-pc-linux-gnu
Configured with: /build/gcc/src/gcc/configure --prefix=/usr --libdir=/usr/lib --libexecdir=/usr/lib --mandir=/usr/share/man --infodir=/usr/share/info --with-bugurl=https://bugs.archlinux.org/ --enable-languages=c,c++,ada,fortran,go,lto,objc,obj-c++,d --with-isl --with-linker-hash-style=gnu --with-system-zlib --enable-__cxa_atexit --enable-cet=auto --enable-checking=release --enable-clocale=gnu --enable-default-pie --enable-default-ssp --enable-gnu-indirect-function --enable-gnu-unique-object --enable-install-libiberty --enable-linker-build-id --enable-lto --enable-multilib --enable-plugin --enable-shared --enable-threads=posix --disable-libssp --disable-libstdcxx-pch --disable-libunwind-exceptions --disable-werror gdc_include_dir=/usr/include/dlang/gdc
Thread model: posix
Supported LTO compression algorithms: zlib zstd
gcc version 10.2.0 (GCC) 
configure:3460: $? = 0
configure:3449: gcc -V >&5
gcc: error: unrecognized command-line option '-V'
gcc: fatal error: no input files
compilation terminated.
configure:3460: $? = 1
configure:3449: gcc -qversion >&5
gcc: error: unrecognized command-line option '-qversion'; did you mean '--version'?
gcc: fatal error: no input files
compilation terminated.
configure:3460: $? = 1
configure:3480: checking whether the C compiler works
configure:3502: gcc    conftest.c  >&5
configure:3506: $? = 0
configure:3554: result: yes
configure:3557: checking for C compiler default output file name
configure:3559: result: a.out
configure:3565: checking for suffix of executables
configure:3572: gcc -o conftest    conftest.c  >&5
configure:3576: $? = 0
configure:3598: result: 
configure:3620: checking whether we are cross compiling
configure:3628: gcc -o conftest    conftest.c  >&5
configure:3632: $? = 0
configure:3639: ./conftest
configure:3643: $? = 0
configure:3631: result: no
configure:3636: checking for suffix of object files
configure:3658: gcc -c   conftest.c >&5
configure:3662: $? = 0
configure:3683: result: o
configure:3687: checking whether we are using the GNU C compiler
configure:3706: gcc -c   conftest.c >&5
configure:3706: $? = 0
configure:3715: result: yes
configure:3724: checking whether gcc accepts -g
configure:3744: gcc -c -g  conftest.c >&5
configure:3744: $? = 0
configure:3785: result: yes
configure:3802: checking for gcc option to accept ISO C89
configure:3865: gcc  -c -g -O2  conftest.c >&5
configure:3865: $? = 0
configure:3878: result: none needed
configure:3903: checking whether gcc understands -c and -o together
configure:3925: gcc -c conftest.c -o conftest2.o
configure:3928: $? = 0
configure:3925: gcc -c conftest.c -o conftest2.o
configure:3928: $? = 0
configure:3940: result: yes
configure:3959: checking dependency style of gcc
configure:4070: result: gcc3
configure:4135: checking for ar
configure:4151: found /usr/bin/ar
configure:4162: result: ar
configure:4188: checking the archiver (ar) interface
configure:4204: gcc -c -g -O2  conftest.c >&5
configure:4204: $? = 0
configure:4206: ar cru libconftest.a conftest.o >&5
ar: `u' modifier ignored since `D' is the default (see `U')
configure:4209: $? = 0
configure:4208: result: ar
configure:4259: checking build system type
configure:4273: result: x86_64-pc-linux-gnu
configure:4293: checking host system type
configure:4306: result: x86_64-pc-linux-gnu
configure:4347: checking how to print strings
configure:4374: result: printf
configure:4395: checking for a sed that does not truncate output
configure:4459: result: /usr/bin/sed
configure:4477: checking for grep that handles long lines and -e
configure:4535: result: /usr/bin/grep
configure:4540: checking for egrep
configure:4602: result: /usr/bin/grep -E
configure:4607: checking for fgrep
configure:4669: result: /usr/bin/grep -F
configure:4704: checking for ld used by gcc
configure:4771: result: /usr/bin/ld
configure:4778: checking if the linker (/usr/bin/ld) is GNU ld
configure:4793: result: yes
configure:4805: checking for BSD- or MS-compatible name lister (nm)
configure:4859: result: /usr/bin/nm -B
configure:4989: checking the name lister (/usr/bin/nm -B) interface
configure:4996: gcc -c -g -O2  conftest.c >&5
configure:4999: /usr/bin/nm -B "conftest.o"
configure:5002: output
0000000000000000 B some_variable
configure:5003: result: BSD nm
configure:5006: checking whether ln -s works
configure:5010: result: yes
configure:5018: checking the maximum length of command line arguments
configure:5149: result: 1572864
configure:5197: checking how to convert x86_64-pc-linux-gnu file names to x86_64-pc-linux-gnu format
configure:5237: result: func_convert_file_noop
configure:5244: checking how to convert x86_64-pc-linux-gnu file names to toolchain format
configure:5264: result: func_convert_file_noop
configure:5271: checking for /usr/bin/ld option to reload object files
configure:5278: result: -r
configure:5352: checking for objdump
configure:5368: found /usr/bin/objdump
configure:5379: result: objdump
configure:5411: checking how to recognize dependent libraries
configure:5611: result: pass_all
configure:5696: checking for dlltool
configure:5726: result: no
configure:5756: checking how to associate runtime and link libraries
configure:5783: result: printf %s\n
configure:5923: checking for archiver @FILE support
configure:5940: gcc -c -g -O2  conftest.c >&5
configure:5940: $? = 0
configure:5943: ar cr libconftest.a @conftest.lst >&5
configure:5946: $? = 0
configure:5951: ar cr libconftest.a @conftest.lst >&5
ar: conftest.o: No such file or directory
configure:5954: $? = 1
configure:5953: result: @
configure:6011: checking for strip
configure:6027: found /usr/bin/strip
configure:6038: result: strip
configure:6110: checking for ranlib
configure:6126: found /usr/bin/ranlib
configure:6137: result: ranlib
configure:6239: checking command to parse /usr/bin/nm -B output from gcc object
configure:6392: gcc -c -g -O2  conftest.c >&5
configure:6395: $? = 0
configure:6399: /usr/bin/nm -B conftest.o \| sed -n -e 's/^.*[ ]\([ABCDGIRSTW][ABCDGIRSTW]*\)[ ][ ]*\([_A-Za-z][_A-Za-z0-9]*\)$/\1 \2 \2/p' | sed '/ __gnu_lto/d' \> conftest.nm
configure:6402: $? = 0
configure:6468: gcc -o conftest -g -O2   conftest.c conftstm.o >&5
configure:6471: $? = 0
configure:6509: result: ok
configure:6556: checking for sysroot
configure:6586: result: no
configure:6593: checking for a working dd
configure:6631: result: /usr/bin/dd
configure:6635: checking how to truncate binary pipes
configure:6650: result: /usr/bin/dd bs=4096 count=1
configure:6786: gcc -c -g -O2  conftest.c >&5
configure:6789: $? = 0
configure:6979: checking for mt
configure:7009: result: no
configure:7029: checking if : is a manifest tool
configure:7035: : '-?'
configure:7043: result: no
configure:7720: checking how to run the C preprocessor
configure:7751: gcc -E  conftest.c
configure:7751: $? = 0
configure:7765: gcc -E  conftest.c
conftest.c:11:10: fatal error: ac_nonexistent.h: No such file or directory
   11 | #include <ac_nonexistent.h>
      |          ^~~~~~~~~~~~~~~~~~
compilation terminated.
configure:7765: $? = 1
configure: failed program was:
| /* confdefs.h */
| #define PACKAGE_NAME "cgenerator"
| #define PACKAGE_TARNAME "cgenerator"
| #define PACKAGE_VERSION "2020-11-30"
| #define PACKAGE_STRING "cgenerator 2020-11-30"
| #define PACKAGE_BUGREPORT "admin@labseni.com"
| #define PACKAGE_URL ""
| #define PACKAGE "cgenerator"
| #define VERSION "2020-11-30"
| /* end confdefs.h.  */
| #include <ac_nonexistent.h>
configure:7790: result: gcc -E
configure:7810: gcc -E  conftest.c
configure:7810: $? = 0
configure:7824: gcc -E  conftest.c
conftest.c:11:10: fatal error: ac_nonexistent.h: No such file or directory
   11 | #include <ac_nonexistent.h>
      |          ^~~~~~~~~~~~~~~~~~
compilation terminated.
configure:7824: $? = 1
configure: failed program was:
| /* confdefs.h */
| #define PACKAGE_NAME "cgenerator"
| #define PACKAGE_TARNAME "cgenerator"
| #define PACKAGE_VERSION "2020-11-30"
| #define PACKAGE_STRING "cgenerator 2020-11-30"
| #define PACKAGE_BUGREPORT "admin@labseni.com"
| #define PACKAGE_URL ""
| #define PACKAGE "cgenerator"
| #define VERSION "2020-11-30"
| /* end confdefs.h.  */
| #include <ac_nonexistent.h>
configure:7853: checking for ANSI C header files
configure:7873: gcc -c -g -O2  conftest.c >&5
configure:7873: $? = 0
configure:7946: gcc -o conftest -g -O2   conftest.c  >&5
configure:7946: $? = 0
configure:7946: ./conftest
configure:7946: $? = 0
configure:7957: result: yes
configure:7970: checking for sys/types.h
configure:7970: gcc -c -g -O2  conftest.c >&5
configure:7970: $? = 0
configure:7970: result: yes
configure:7970: checking for sys/stat.h
configure:7970: gcc -c -g -O2  conftest.c >&5
configure:7970: $? = 0
configure:7970: result: yes
configure:7970: checking for stdlib.h
configure:7970: gcc -c -g -O2  conftest.c >&5
configure:7970: $? = 0
configure:7970: result: yes
configure:7970: checking for string.h
configure:7970: gcc -c -g -O2  conftest.c >&5
configure:7970: $? = 0
configure:7970: result: yes
configure:7970: checking for memory.h
configure:7970: gcc -c -g -O2  conftest.c >&5
configure:7970: $? = 0
configure:7970: result: yes
configure:7970: checking for strings.h
configure:7970: gcc -c -g -O2  conftest.c >&5
configure:7970: $? = 0
configure:7970: result: yes
configure:7970: checking for inttypes.h
configure:7970: gcc -c -g -O2  conftest.c >&5
configure:7970: $? = 0
configure:7970: result: yes
configure:7970: checking for stdint.h
configure:7970: gcc -c -g -O2  conftest.c >&5
configure:7970: $? = 0
configure:7970: result: yes
configure:7970: checking for unistd.h
configure:7970: gcc -c -g -O2  conftest.c >&5
configure:7970: $? = 0
configure:7970: result: yes
configure:7984: checking for dlfcn.h
configure:7984: gcc -c -g -O2  conftest.c >&5
configure:7984: $? = 0
configure:7984: result: yes
configure:8240: checking for objdir
configure:8255: result: .libs
configure:8519: checking if gcc supports -fno-rtti -fno-exceptions
configure:8537: gcc -c -g -O2  -fno-rtti -fno-exceptions conftest.c >&5
cc1: warning: command-line option '-fno-rtti' is valid for C++/D/ObjC++ but not for C
configure:8541: $? = 0
configure:8554: result: no
configure:8912: checking for gcc option to produce PIC
configure:8919: result: -fPIC -DPIC
configure:8927: checking if gcc PIC flag -fPIC -DPIC works
configure:8945: gcc -c -g -O2  -fPIC -DPIC -DPIC conftest.c >&5
configure:8949: $? = 0
configure:8962: result: yes
configure:8991: checking if gcc static flag -static works
configure:9019: result: yes
configure:9034: checking if gcc supports -c -o file.o
configure:9055: gcc -c -g -O2  -o out/conftest2.o conftest.c >&5
configure:9059: $? = 0
configure:9081: result: yes
configure:9089: checking if gcc supports -c -o file.o
configure:9136: result: yes
configure:9169: checking whether the gcc linker (/usr/bin/ld -m elf_x86_64) supports shared libraries
configure:10430: result: yes
configure:10467: checking whether -lc should be explicitly linked in
configure:10475: gcc -c -g -O2  conftest.c >&5
configure:10478: $? = 0
configure:10493: gcc -shared  -fPIC -DPIC conftest.o  -v -Wl,-soname -Wl,conftest -o conftest 2\>\&1 \| /usr/bin/grep  -lc  \>/dev/null 2\>\&1
configure:10496: $? = 0
configure:10510: result: no
configure:10670: checking dynamic linker characteristics
configure:11251: gcc -o conftest -g -O2   -Wl,-rpath -Wl,/foo conftest.c  >&5
configure:11251: $? = 0
configure:11488: result: GNU/Linux ld.so
configure:11610: checking how to hardcode library paths into programs
configure:11635: result: immediate
configure:12183: checking whether stripping libraries is possible
configure:12192: result: yes
configure:12234: checking if libtool supports shared libraries
configure:12236: result: yes
configure:12239: checking whether to build shared libraries
configure:12264: result: yes
configure:12267: checking whether to build static libraries
configure:12271: result: yes
configure:9140: checking for gcc
configure:9167: result: gcc
configure:9396: checking for C compiler version
configure:9405: gcc --version >&5
gcc (GCC) 10.2.0
Copyright (C) 2020 Free Software Foundation, Inc.
This is free software; see the source for copying conditions.  There is NO
warranty; not even for MERCHANTABILITY or FITNESS FOR A PARTICULAR PURPOSE.

configure:9416: $? = 0
configure:9405: gcc -v >&5
Using built-in specs.
COLLECT_GCC=gcc
COLLECT_LTO_WRAPPER=/usr/lib/gcc/x86_64-pc-linux-gnu/10.2.0/lto-wrapper
Target: x86_64-pc-linux-gnu
Configured with: /build/gcc/src/gcc/configure --prefix=/usr --libdir=/usr/lib --libexecdir=/usr/lib --mandir=/usr/share/man --infodir=/usr/share/info --with-bugurl=https://bugs.archlinux.org/ --enable-languages=c,c++,ada,fortran,go,lto,objc,obj-c++,d --with-isl --with-linker-hash-style=gnu --with-system-zlib --enable-__cxa_atexit --enable-cet=auto --enable-checking=release --enable-clocale=gnu --enable-default-pie --enable-default-ssp --enable-gnu-indirect-function --enable-gnu-unique-object --enable-install-libiberty --enable-linker-build-id --enable-lto --enable-multilib --enable-plugin --enable-shared --enable-threads=posix --disable-libssp --disable-libstdcxx-pch --disable-libunwind-exceptions --disable-werror gdc_include_dir=/usr/include/dlang/gdc
Thread model: posix
Supported LTO compression algorithms: zlib zstd
gcc version 10.2.0 (GCC) 
configure:9416: $? = 0
configure:9405: gcc -V >&5
gcc: error: unrecognized command-line option '-V'
gcc: fatal error: no input files
compilation terminated.
configure:9416: $? = 1
configure:9405: gcc -qversion >&5
gcc: error: unrecognized command-line option '-qversion'; did you mean '--version'?
gcc: fatal error: no input files
compilation terminated.
configure:9416: $? = 1
configure:9420: checking whether we are using the GNU C compiler
configure:9448: result: yes
configure:9457: checking whether gcc accepts -g
configure:9518: result: yes
configure:9535: checking for gcc option to accept ISO C89
configure:9611: result: none needed
configure:9636: checking whether gcc understands -c and -o together
configure:9673: result: yes
configure:9692: checking dependency style of gcc
configure:9803: result: gcc3
configure:9818: checking for gcc option to accept ISO C99
configure:9967: gcc  -c -g -O2  conftest.c >&5
configure:9967: $? = 0
configure:9980: result: none needed
configure:10053: checking for g++
configure:10069: found /usr/bin/g++
configure:10080: result: g++
configure:10107: checking for C++ compiler version
configure:10116: g++ --version >&5
g++ (GCC) 10.2.0
Copyright (C) 2020 Free Software Foundation, Inc.
This is free software; see the source for copying conditions.  There is NO
warranty; not even for MERCHANTABILITY or FITNESS FOR A PARTICULAR PURPOSE.

configure:10127: $? = 0
configure:10116: g++ -v >&5
Using built-in specs.
COLLECT_GCC=g++
COLLECT_LTO_WRAPPER=/usr/lib/gcc/x86_64-pc-linux-gnu/10.2.0/lto-wrapper
Target: x86_64-pc-linux-gnu
Configured with: /build/gcc/src/gcc/configure --prefix=/usr --libdir=/usr/lib --libexecdir=/usr/lib --mandir=/usr/share/man --infodir=/usr/share/info --with-bugurl=https://bugs.archlinux.org/ --enable-languages=c,c++,ada,fortran,go,lto,objc,obj-c++,d --with-isl --with-linker-hash-style=gnu --with-system-zlib --enable-__cxa_atexit --enable-cet=auto --enable-checking=release --enable-clocale=gnu --enable-default-pie --enable-default-ssp --enable-gnu-indirect-function --enable-gnu-unique-object --enable-install-libiberty --enable-linker-build-id --enable-lto --enable-multilib --enable-plugin --enable-shared --enable-threads=posix --disable-libssp --disable-libstdcxx-pch --disable-libunwind-exceptions --disable-werror gdc_include_dir=/usr/include/dlang/gdc
Thread model: posix
Supported LTO compression algorithms: zlib zstd
gcc version 10.2.0 (GCC) 
configure:10127: $? = 0
configure:10116: g++ -V >&5
g++: error: unrecognized command-line option '-V'
g++: fatal error: no input files
compilation terminated.
configure:10127: $? = 1
configure:10116: g++ -qversion >&5
g++: error: unrecognized command-line option '-qversion'; did you mean '--version'?
g++: fatal error: no input files
compilation terminated.
configure:10127: $? = 1
configure:10131: checking whether we are using the GNU C++ compiler
configure:10150: g++ -c   conftest.cpp >&5
configure:10150: $? = 0
configure:10159: result: yes
configure:10168: checking whether g++ accepts -g
configure:10188: g++ -c -g  conftest.cpp >&5
configure:10188: $? = 0
configure:10229: result: yes
configure:10254: checking dependency style of g++
configure:10365: result: gcc3
configure:10398: checking how to run the C++ preprocessor
configure:10425: g++ -E  conftest.cpp
configure:10425: $? = 0
configure:10439: g++ -E  conftest.cpp
conftest.cpp:23:10: fatal error: ac_nonexistent.h: No such file or directory
   23 | #include <ac_nonexistent.h>
      |          ^~~~~~~~~~~~~~~~~~
compilation terminated.
configure:10439: $? = 1
configure: failed program was:
| /* confdefs.h */
| #define PACKAGE_NAME "cgenerator"
| #define PACKAGE_TARNAME "cgenerator"
| #define PACKAGE_VERSION "2020-11-30"
| #define PACKAGE_STRING "cgenerator 2020-11-30"
| #define PACKAGE_BUGREPORT "admin@labseni.com"
| #define PACKAGE_URL ""
| #define PACKAGE "cgenerator"
| #define VERSION "2020-11-30"
| #define STDC_HEADERS 1
| #define HAVE_SYS_TYPES_H 1
| #define HAVE_SYS_STAT_H 1
| #define HAVE_STDLIB_H 1
| #define HAVE_STRING_H 1
| #define HAVE_MEMORY_H 1
| #define HAVE_STRINGS_H 1
| #define HAVE_INTTYPES_H 1
| #define HAVE_STDINT_H 1
| #define HAVE_UNISTD_H 1
| #define HAVE_DLFCN_H 1
| #define LT_OBJDIR ".libs/"
| /* end confdefs.h.  */
| #include <ac_nonexistent.h>
configure:10464: result: g++ -E
configure:10484: g++ -E  conftest.cpp
configure:10484: $? = 0
configure:10498: g++ -E  conftest.cpp
conftest.cpp:23:10: fatal error: ac_nonexistent.h: No such file or directory
   23 | #include <ac_nonexistent.h>
      |          ^~~~~~~~~~~~~~~~~~
compilation terminated.
configure:10498: $? = 1
configure: failed program was:
| /* confdefs.h */
| #define PACKAGE_NAME "cgenerator"
| #define PACKAGE_TARNAME "cgenerator"
| #define PACKAGE_VERSION "2020-11-30"
| #define PACKAGE_STRING "cgenerator 2020-11-30"
| #define PACKAGE_BUGREPORT "admin@labseni.com"
| #define PACKAGE_URL ""
| #define PACKAGE "cgenerator"
| #define VERSION "2020-11-30"
| #define STDC_HEADERS 1
| #define HAVE_SYS_TYPES_H 1
| #define HAVE_SYS_STAT_H 1
| #define HAVE_STDLIB_H 1
| #define HAVE_STRING_H 1
| #define HAVE_MEMORY_H 1
| #define HAVE_STRINGS_H 1
| #define HAVE_INTTYPES_H 1
| #define HAVE_STDINT_H 1
| #define HAVE_UNISTD_H 1
| #define HAVE_DLFCN_H 1
| #define LT_OBJDIR ".libs/"
| /* end confdefs.h.  */
| #include <ac_nonexistent.h>
configure:10660: checking for ld used by g++
configure:10727: result: /usr/bin/ld -m elf_x86_64
configure:10734: checking if the linker (/usr/bin/ld -m elf_x86_64) is GNU ld
configure:10749: result: yes
configure:10804: checking whether the g++ linker (/usr/bin/ld -m elf_x86_64) supports shared libraries
configure:11878: result: yes
configure:11914: g++ -c -g -O2  conftest.cpp >&5
configure:11917: $? = 0
configure:12398: checking for g++ option to produce PIC
configure:12405: result: -fPIC -DPIC
configure:12413: checking if g++ PIC flag -fPIC -DPIC works
configure:12431: g++ -c -g -O2  -fPIC -DPIC -DPIC conftest.cpp >&5
configure:12435: $? = 0
configure:12448: result: yes
configure:12471: checking if g++ static flag -static works
configure:12499: result: yes
configure:12511: checking if g++ supports -c -o file.o
configure:12532: g++ -c -g -O2  -o out/conftest2.o conftest.cpp >&5
configure:12536: $? = 0
configure:12558: result: yes
configure:12563: checking if g++ supports -c -o file.o
configure:12610: result: yes
configure:12640: checking whether the g++ linker (/usr/bin/ld -m elf_x86_64) supports shared libraries
configure:12680: result: yes
configure:12821: checking dynamic linker characteristics
configure:13566: result: GNU/Linux ld.so
configure:13631: checking how to hardcode library paths into programs
configure:13656: result: immediate
configure:12544: checking whether ln -s works
configure:12548: result: yes
configure:12555: checking for egrep
configure:12617: result: /usr/bin/grep -E
configure:12624: checking CFLAGS for gcc -fdiagnostics-show-option
configure:12651: gcc -c -g -O2  -pedantic -Werror  -fdiagnostics-show-option  conftest.c >&5
configure:12651: $? = 0
configure:12665: result: -fdiagnostics-show-option
configure:12678: : MORE_CFLAGS="$MORE_CFLAGS ${ac_res}"
configure:12681: $? = 0
configure:12688: checking CFLAGS for gcc -pipe
configure:12715: gcc -c -g -O2  -fdiagnostics-show-option -pedantic -Werror  -pipe  conftest.c >&5
configure:12715: $? = 0
configure:12729: result: -pipe
configure:12742: : MORE_CFLAGS="$MORE_CFLAGS ${ac_res}"
configure:12745: $? = 0
configure:12752: checking CFLAGS for gcc -Wall
configure:12779: gcc -c -g -O2  -fdiagnostics-show-option -pipe -pedantic -Werror  -Wall  conftest.c >&5
configure:12779: $? = 0
configure:12793: result: -Wall
configure:12806: : MORE_CFLAGS="$MORE_CFLAGS ${ac_res}"
configure:12809: $? = 0
configure:12816: checking CFLAGS for gcc -W
configure:12843: gcc -c -g -O2  -fdiagnostics-show-option -pipe -Wall -pedantic -Werror  -W  conftest.c >&5
configure:12843: $? = 0
configure:12857: result: -W
configure:12870: : MORE_CFLAGS="$MORE_CFLAGS ${ac_res}"
configure:12873: $? = 0
configure:12880: checking CFLAGS for gcc -Wextra
configure:12907: gcc -c -g -O2  -fdiagnostics-show-option -pipe -Wall -W -pedantic -Werror  -Wextra  conftest.c >&5
configure:12907: $? = 0
configure:12921: result: -Wextra
configure:12934: : MORE_CFLAGS="$MORE_CFLAGS ${ac_res}"
configure:12937: $? = 0
configure:12944: checking CFLAGS for gcc -Wformat
configure:12971: gcc -c -g -O2  -fdiagnostics-show-option -pipe -Wall -W -Wextra -pedantic -Werror  -Wformat  conftest.c >&5
configure:12971: $? = 0
configure:12985: result: -Wformat
configure:12998: : MORE_CFLAGS="$MORE_CFLAGS ${ac_res}"
configure:13001: $? = 0
configure:13008: checking CFLAGS for gcc -Wformat-security
configure:13035: gcc -c -g -O2  -fdiagnostics-show-option -pipe -Wall -W -Wextra -Wformat -pedantic -Werror  -Wformat-security  conftest.c >&5
configure:13035: $? = 0
configure:13049: result: -Wformat-security
configure:13062: : MORE_CFLAGS="$MORE_CFLAGS ${ac_res}"
configure:13065: $? = 0
configure:13072: checking CFLAGS for gcc -Wfatal-errors
configure:13099: gcc -c -g -O2  -fdiagnostics-show-option -pipe -Wall -W -Wextra -Wformat -Wformat-security -pedantic -Werror  -Wfatal-errors  conftest.c >&5
configure:13099: $? = 0
configure:13113: result: -Wfatal-errors
configure:13126: : MORE_CFLAGS="$MORE_CFLAGS ${ac_res}"
configure:13129: $? = 0
configure:13136: checking CFLAGS for gcc -Wcast-align
configure:13163: gcc -c -g -O2  -fdiagnostics-show-option -pipe -Wall -W -Wextra -Wformat -Wformat-security -Wfatal-errors -pedantic -Werror  -Wcast-align  conftest.c >&5
configure:13163: $? = 0
configure:13177: result: -Wcast-align
configure:13190: : MORE_CFLAGS="$MORE_CFLAGS ${ac_res}"
configure:13193: $? = 0
configure:13200: checking CFLAGS for gcc -Winline
configure:13227: gcc -c -g -O2  -fdiagnostics-show-option -pipe -Wall -W -Wextra -Wformat -Wformat-security -Wfatal-errors -Wcast-align -pedantic -Werror  -Winline  conftest.c >&5
configure:13227: $? = 0
configure:13241: result: -Winline
configure:13254: : MORE_CFLAGS="$MORE_CFLAGS ${ac_res}"
configure:13257: $? = 0
configure:13264: checking CFLAGS for gcc -fstack-protector
configure:13291: gcc -c -g -O2  -fdiagnostics-show-option -pipe -Wall -W -Wextra -Wformat -Wformat-security -Wfatal-errors -Wcast-align -Winline -pedantic -Werror  -fstack-protector  conftest.c >&5
configure:13291: $? = 0
configure:13305: result: -fstack-protector
configure:13318: : MORE_CFLAGS="$MORE_CFLAGS ${ac_res}"
configure:13321: $? = 0
configure:13328: checking CFLAGS for gcc -D_FORTIFY_SOURCE=2
configure:13355: gcc -c -g -O2  -pedantic -Werror  -D_FORTIFY_SOURCE=2  conftest.c >&5
configure:13355: $? = 0
configure:13369: result: -D_FORTIFY_SOURCE=2
configure:13382: : MORE_CPPFLAGS="$MORE_CPPFLAGS ${ac_res}"
configure:13385: $? = 0
configure:13392: checking CFLAGS for gcc -Wno-unused-parameter
configure:13419: gcc -c -g -O2  -fdiagnostics-show-option -pipe -Wall -W -Wextra -Wformat -Wformat-security -Wfatal-errors -Wcast-align -Winline -fstack-protector -pedantic -Werror  -Wno-unused-parameter  conftest.c >&5
configure:13419: $? = 0
configure:13433: result: -Wno-unused-parameter
configure:13446: : MORE_CFLAGS="$MORE_CFLAGS ${ac_res}"
configure:13449: $? = 0
configure:13456: checking CFLAGS for gcc -Wno-missing-field-initializers
configure:13483: gcc -c -g -O2  -fdiagnostics-show-option -pipe -Wall -W -Wextra -Wformat -Wformat-security -Wfatal-errors -Wcast-align -Winline -fstack-protector -Wno-unused-parameter -pedantic -Werror  -Wno-missing-field-initializers  conftest.c >&5
configure:13483: $? = 0
configure:13497: result: -Wno-missing-field-initializers
configure:13510: : MORE_CFLAGS="$MORE_CFLAGS ${ac_res}"
configure:13513: $? = 0
configure:13526: checking whether the linker accepts the -Wl,-z,relro flag
configure:13556: gcc -o conftest -g -O2    -Wl,-z,relro conftest.c  >&5
configure:13556: $? = 0
configure:13580: result: yes
configure:13595: checking whether the linker accepts the -Wl,-z,now flag
configure:13625: gcc -o conftest -g -O2    -Wl,-z,relro -Wl,-z,now conftest.c  >&5
configure:13625: $? = 0
configure:13649: result: yes
configure:13664: checking whether the linker accepts the -Wl,--push-state,--no-as-needed -lSegFault -Wl,--pop-state flag
configure:13694: gcc -o conftest -g -O2    -Wl,-z,relro -Wl,-z,now -Wl,--push-state,--no-as-needed -lSegFault -Wl,--pop-state conftest.c  >&5
configure:13694: $? = 0
configure:13718: result: yes
configure:13728: checking CFLAGS for gcc -D_GNU_SOURCE
configure:13755: gcc -c -g -O2  -D_FORTIFY_SOURCE=2 -pedantic -Werror  -D_GNU_SOURCE  conftest.c >&5
configure:13755: $? = 0
configure:13769: result: -D_GNU_SOURCE
configure:13782: : MORE_CPPFLAGS="$MORE_CPPFLAGS ${ac_res}"
configure:13785: $? = 0
configure:14186: checking for pkg-config
configure:14204: found /usr/bin/pkg-config
configure:14216: result: /usr/bin/pkg-config
configure:14241: checking pkg-config is at least version 0.9.0
configure:14244: result: yes
configure:14254: checking for JANSSON
configure:14261: $PKG_CONFIG --exists --print-errors "jansson >= 2.1"
configure:14264: $? = 0
configure:14278: $PKG_CONFIG --exists --print-errors "jansson >= 2.1"
configure:14281: $? = 0
configure:14339: result: yes
configure:14422: checking for library containing libusb_get_bos_descriptor
configure:14453: gcc -o conftest -g -O2   conftest.c  >&5
/usr/bin/ld: /tmp/ccd9lODQ.o: in function `main':
/home/faoziaziz/dev/qr-gen/vC/cgenerator/conftest.c:34: undefined reference to `libusb_get_bos_descriptor'
collect2: error: ld returned 1 exit status
configure:14453: $? = 1
configure: failed program was:
| /* confdefs.h */
| #define PACKAGE_NAME "cgenerator"
| #define PACKAGE_TARNAME "cgenerator"
| #define PACKAGE_VERSION "2020-11-30"
| #define PACKAGE_STRING "cgenerator 2020-11-30"
| #define PACKAGE_BUGREPORT "admin@labseni.com"
| #define PACKAGE_URL ""
| #define PACKAGE "cgenerator"
| #define VERSION "2020-11-30"
| #define STDC_HEADERS 1
| #define HAVE_SYS_TYPES_H 1
| #define HAVE_SYS_STAT_H 1
| #define HAVE_STDLIB_H 1
| #define HAVE_STRING_H 1
| #define HAVE_MEMORY_H 1
| #define HAVE_STRINGS_H 1
| #define HAVE_INTTYPES_H 1
| #define HAVE_STDINT_H 1
| #define HAVE_UNISTD_H 1
| #define HAVE_DLFCN_H 1
| #define LT_OBJDIR ".libs/"
| /* end confdefs.h.  */
| 
| /* Override any GCC internal prototype to avoid an error.
|    Use char because int might match the return type of a GCC
|    builtin and then its argument prototype would still apply.  */
| #ifdef __cplusplus
| extern "C"
| #endif
| char libusb_get_bos_descriptor ();
| int
| main ()
| {
| return libusb_get_bos_descriptor ();
|   ;
|   return 0;
| }
configure:14453: gcc -o conftest -g -O2   conftest.c -lusb-1.0   >&5
configure:14453: $? = 0
configure:14470: result: -lusb-1.0
configure:14587: checking that generated files are newer than configure
configure:14593: result: done
configure:14628: creating ./config.status

## ---------------- ##
## Cache variables. ##
## ---------------- ##

ac_cv_build=x86_64-pc-linux-gnu
ac_cv_c_compiler_gnu=yes
ac_cv_cflags_gcc_option__D_FORTIFY_SOURCE_2=-D_FORTIFY_SOURCE=2
ac_cv_cflags_gcc_option__D_GNU_SOURCE=-D_GNU_SOURCE
ac_cv_cflags_gcc_option__W=-W
ac_cv_cflags_gcc_option__Wall=-Wall
ac_cv_cflags_gcc_option__Wcast_align=-Wcast-align
ac_cv_cflags_gcc_option__Wextra=-Wextra
ac_cv_cflags_gcc_option__Wfatal_errors=-Wfatal-errors
ac_cv_cflags_gcc_option__Wformat=-Wformat
ac_cv_cflags_gcc_option__Wformat_security=-Wformat-security
ac_cv_cflags_gcc_option__Winline=-Winline
ac_cv_cflags_gcc_option__Wno_missing_field_initializers=-Wno-missing-field-initializers
ac_cv_cflags_gcc_option__Wno_unused_parameter=-Wno-unused-parameter
ac_cv_cflags_gcc_option__fdiagnostics_show_option=-fdiagnostics-show-option
ac_cv_cflags_gcc_option__fstack_protector=-fstack-protector
ac_cv_cflags_gcc_option__pipe=-pipe
ac_cv_cxx_compiler_gnu=yes
ac_cv_env_CCC_set=
ac_cv_env_CCC_value=
ac_cv_env_CC_set=
ac_cv_env_CC_value=
ac_cv_env_CFLAGS_set=
ac_cv_env_CFLAGS_value=
ac_cv_env_CPPFLAGS_set=
ac_cv_env_CPPFLAGS_value=
ac_cv_env_CPP_set=
ac_cv_env_CPP_value=
ac_cv_env_CXXCPP_set=
ac_cv_env_CXXCPP_value=
ac_cv_env_CXXFLAGS_set=
ac_cv_env_CXXFLAGS_value=
ac_cv_env_CXX_set=
ac_cv_env_CXX_value=
ac_cv_env_JANSSON_CFLAGS_set=
ac_cv_env_JANSSON_CFLAGS_value=
ac_cv_env_JANSSON_LIBS_set=
ac_cv_env_JANSSON_LIBS_value=
ac_cv_env_LDFLAGS_set=
ac_cv_env_LDFLAGS_value=
ac_cv_env_LIBS_set=
ac_cv_env_LIBS_value=
ac_cv_env_LT_SYS_LIBRARY_PATH_set=
ac_cv_env_LT_SYS_LIBRARY_PATH_value=
ac_cv_env_PKG_CONFIG_LIBDIR_set=
ac_cv_env_PKG_CONFIG_LIBDIR_value=
ac_cv_env_PKG_CONFIG_PATH_set=
ac_cv_env_PKG_CONFIG_PATH_value=
ac_cv_env_PKG_CONFIG_set=
ac_cv_env_PKG_CONFIG_value=
ac_cv_env_build_alias_set=
ac_cv_env_build_alias_value=
ac_cv_env_host_alias_set=
ac_cv_env_host_alias_value=
ac_cv_env_target_alias_set=
ac_cv_env_target_alias_value=
ac_cv_header_dlfcn_h=yes
ac_cv_header_inttypes_h=yes
ac_cv_header_memory_h=yes
ac_cv_header_stdc=yes
ac_cv_header_stdint_h=yes
ac_cv_header_stdlib_h=yes
ac_cv_header_string_h=yes
ac_cv_header_strings_h=yes
ac_cv_header_sys_stat_h=yes
ac_cv_header_sys_types_h=yes
ac_cv_header_unistd_h=yes
ac_cv_host=x86_64-pc-linux-gnu
ac_cv_objext=o
ac_cv_path_EGREP='/usr/bin/grep -E'
ac_cv_path_FGREP='/usr/bin/grep -F'
ac_cv_path_GREP=/usr/bin/grep
ac_cv_path_SED=/usr/bin/sed
ac_cv_path_ac_pt_PKG_CONFIG=/usr/bin/pkg-config
ac_cv_path_install='/usr/bin/install -c'
ac_cv_path_lt_DD=/usr/bin/dd
ac_cv_path_mkdir=/usr/bin/mkdir
ac_cv_prog_AWK=gawk
ac_cv_prog_CPP='gcc -E'
ac_cv_prog_CXXCPP='g++ -E'
ac_cv_prog_ac_ct_AR=ar
ac_cv_prog_ac_ct_CC=gcc
ac_cv_prog_ac_ct_CXX=g++
ac_cv_prog_ac_ct_OBJDUMP=objdump
ac_cv_prog_ac_ct_RANLIB=ranlib
ac_cv_prog_ac_ct_STRIP=strip
ac_cv_prog_cc_c89=
ac_cv_prog_cc_c99=
ac_cv_prog_cc_g=yes
ac_cv_prog_cxx_g=yes
ac_cv_prog_make_make_set=yes
ac_cv_search_libusb_get_bos_descriptor=-lusb-1.0
am_cv_CC_dependencies_compiler_type=gcc3
am_cv_CXX_dependencies_compiler_type=gcc3
am_cv_ar_interface=ar
am_cv_make_support_nested_variables=yes
am_cv_prog_cc_c_o=yes
am_cv_prog_tar_ustar=gnutar
ax_cv_ld_check_flag__Wl___push_state___no_as_needed__lSegFault__Wl___pop_state=yes
ax_cv_ld_check_flag__Wl__z_now=yes
ax_cv_ld_check_flag__Wl__z_relro=yes
lt_cv_ar_at_file=@
lt_cv_archive_cmds_need_lc=no
lt_cv_deplibs_check_method=pass_all
lt_cv_file_magic_cmd='$MAGIC_CMD'
lt_cv_file_magic_test_file=
lt_cv_ld_reload_flag=-r
lt_cv_nm_interface='BSD nm'
lt_cv_objdir=.libs
lt_cv_path_LD=/usr/bin/ld
lt_cv_path_LDCXX='/usr/bin/ld -m elf_x86_64'
lt_cv_path_NM='/usr/bin/nm -B'
lt_cv_path_mainfest_tool=no
lt_cv_prog_compiler_c_o=yes
lt_cv_prog_compiler_c_o_CXX=yes
lt_cv_prog_compiler_pic='-fPIC -DPIC'
lt_cv_prog_compiler_pic_CXX='-fPIC -DPIC'
lt_cv_prog_compiler_pic_works=yes
lt_cv_prog_compiler_pic_works_CXX=yes
lt_cv_prog_compiler_rtti_exceptions=no
lt_cv_prog_compiler_static_works=yes
lt_cv_prog_compiler_static_works_CXX=yes
lt_cv_prog_gnu_ld=yes
lt_cv_prog_gnu_ldcxx=yes
lt_cv_sharedlib_from_linklib_cmd='printf %s\n'
lt_cv_shlibpath_overrides_runpath=no
lt_cv_sys_global_symbol_pipe='sed -n -e '\''s/^.*[	 ]\([ABCDGIRSTW][ABCDGIRSTW]*\)[	 ][	 ]*\([_A-Za-z][_A-Za-z0-9]*\)$/\1 \2 \2/p'\'' | sed '\''/ __gnu_lto/d'\'''
lt_cv_sys_global_symbol_to_c_name_address='sed -n -e '\''s/^: \(.*\) .*$/  {"\1", (void *) 0},/p'\'' -e '\''s/^[ABCDGIRSTW][ABCDGIRSTW]* .* \(.*\)$/  {"\1", (void *) \&\1},/p'\'''
lt_cv_sys_global_symbol_to_c_name_address_lib_prefix='sed -n -e '\''s/^: \(.*\) .*$/  {"\1", (void *) 0},/p'\'' -e '\''s/^[ABCDGIRSTW][ABCDGIRSTW]* .* \(lib.*\)$/  {"\1", (void *) \&\1},/p'\'' -e '\''s/^[ABCDGIRSTW][ABCDGIRSTW]* .* \(.*\)$/  {"lib\1", (void *) \&\1},/p'\'''
lt_cv_sys_global_symbol_to_cdecl='sed -n -e '\''s/^T .* \(.*\)$/extern int \1();/p'\'' -e '\''s/^[ABCDGIRSTW][ABCDGIRSTW]* .* \(.*\)$/extern char \1;/p'\'''
lt_cv_sys_global_symbol_to_import=
lt_cv_sys_max_cmd_len=1572864
lt_cv_to_host_file_cmd=func_convert_file_noop
lt_cv_to_tool_file_cmd=func_convert_file_noop
lt_cv_truncate_bin='/usr/bin/dd bs=4096 count=1'
pkg_cv_JANSSON_CFLAGS=
pkg_cv_JANSSON_LIBS='-ljansson '

## ----------------- ##
## Output variables. ##
## ----------------- ##

ACLOCAL='${SHELL} /home/faoziaziz/dev/qr-gen/vC/cgenerator/missing aclocal-1.16'
AMDEPBACKSLASH='\'
AMDEP_FALSE='#'
AMDEP_TRUE=''
AMTAR='$${TAR-tar}'
AM_BACKSLASH='\'
AM_DEFAULT_V='$(AM_DEFAULT_VERBOSITY)'
AM_DEFAULT_VERBOSITY='0'
AM_V='$(V)'
AR='ar'
AUTOCONF='${SHELL} /home/faoziaziz/dev/qr-gen/vC/cgenerator/missing autoconf'
AUTOHEADER='${SHELL} /home/faoziaziz/dev/qr-gen/vC/cgenerator/missing autoheader'
AUTOMAKE='${SHELL} /home/faoziaziz/dev/qr-gen/vC/cgenerator/missing automake-1.16'
AWK='gawk'
CC='gcc'
CCDEPMODE='depmode=gcc3'
CFLAGS='-g -O2'
CPP='gcc -E'
CPPFLAGS=''
CXX='g++'
CXXCPP='g++ -E'
CXXDEPMODE='depmode=gcc3'
CXXFLAGS='-g -O2'
CYGPATH_W='echo'
DEFS='-DHAVE_CONFIG_H'
DEPDIR='.deps'
DLLTOOL='false'
DSYMUTIL=''
DUMPBIN=''
ECHO_C=''
ECHO_N='-n'
ECHO_T=''
EGREP='/usr/bin/grep -E'
EXEEXT=''
FGREP='/usr/bin/grep -F'
GREP='/usr/bin/grep'
INSTALL_DATA='${INSTALL} -m 644'
INSTALL_PROGRAM='${INSTALL}'
INSTALL_SCRIPT='${INSTALL}'
INSTALL_STRIP_PROGRAM='$(install_sh) -c -s'
JANSSON_CFLAGS=''
JANSSON_LIBS='-ljansson '
LD='/usr/bin/ld -m elf_x86_64'
LDFLAGS=''
LIBOBJS=''
LIBS='-lusb-1.0 '
LIBTOOL='$(SHELL) $(top_builddir)/libtool'
LIPO=''
LN_S='ln -s'
LTLIBOBJS=''
LT_SYS_LIBRARY_PATH=''
MAINT='#'
MAINTAINER_MODE_FALSE=''
MAINTAINER_MODE_TRUE='#'
MAKEINFO='${SHELL} /home/faoziaziz/dev/qr-gen/vC/cgenerator/missing makeinfo'
MANIFEST_TOOL=':'
MKDIR_P='/usr/bin/mkdir -p'
MORE_CFLAGS=' -fdiagnostics-show-option -pipe -Wall -W -Wextra -Wformat -Wformat-security -Wfatal-errors -Wcast-align -Winline -fstack-protector -Wno-unused-parameter -Wno-missing-field-initializers'
MORE_CPPFLAGS=' -D_FORTIFY_SOURCE=2 -D_GNU_SOURCE'
MORE_LDFLAGS=' -Wl,-z,relro -Wl,-z,now -Wl,--push-state,--no-as-needed -lSegFault -Wl,--pop-state'
NM='/usr/bin/nm -B'
NMEDIT=''
OBJDUMP='objdump'
OBJEXT='o'
OTOOL64=''
OTOOL=''
PACKAGE='cgenerator'
PACKAGE_BUGREPORT='admin@labseni.com'
PACKAGE_NAME='cgenerator'
PACKAGE_STRING='cgenerator 2020-11-30'
PACKAGE_TARNAME='cgenerator'
PACKAGE_URL=''
PACKAGE_VERSION='2020-11-30'
PATH_SEPARATOR=':'
PKG_CONFIG='/usr/bin/pkg-config'
PKG_CONFIG_LIBDIR=''
PKG_CONFIG_PATH=''
RANLIB='ranlib'
SED='/usr/bin/sed'
SET_MAKE=''
SHELL='/bin/sh'
STRIP='strip'
VERSION='2020-11-30'
ac_ct_AR='ar'
ac_ct_CC='gcc'
ac_ct_CXX='g++'
ac_ct_DUMPBIN=''
am__EXEEXT_FALSE=''
am__EXEEXT_TRUE='#'
am__fastdepCC_FALSE='#'
am__fastdepCC_TRUE=''
am__fastdepCXX_FALSE='#'
am__fastdepCXX_TRUE=''
am__include='include'
am__isrc=''
am__leading_dot='.'
am__nodep='_no'
am__quote=''
am__tar='tar --format=ustar -chf - "$$tardir"'
am__untar='tar -xf -'
bindir='${exec_prefix}/bin'
build='x86_64-pc-linux-gnu'
build_alias=''
build_cpu='x86_64'
build_os='linux-gnu'
build_vendor='pc'
datadir='${datarootdir}'
datarootdir='${prefix}/share'
docdir='${datarootdir}/doc/${PACKAGE_TARNAME}'
dvidir='${docdir}'
exec_prefix='${prefix}'
host='x86_64-pc-linux-gnu'
host_alias=''
host_cpu='x86_64'
host_os='linux-gnu'
host_vendor='pc'
htmldir='${docdir}'
includedir='${prefix}/include'
infodir='${datarootdir}/info'
install_sh='${SHELL} /home/faoziaziz/dev/qr-gen/vC/cgenerator/install-sh'
libdir='${exec_prefix}/lib'
libexecdir='${exec_prefix}/libexec'
localedir='${datarootdir}/locale'
localstatedir='${prefix}/var'
mandir='${datarootdir}/man'
mkdir_p='$(MKDIR_P)'
oldincludedir='/usr/include'
pdfdir='${docdir}'
prefix='/usr/local'
program_transform_name='s,x,x,'
psdir='${docdir}'
sbindir='${exec_prefix}/sbin'
sharedstatedir='${prefix}/com'
sysconfdir='${prefix}/etc'
target_alias=''

## ----------- ##
## confdefs.h. ##
## ----------- ##

/* confdefs.h */
#define PACKAGE_NAME "cgenerator"
#define PACKAGE_TARNAME "cgenerator"
#define PACKAGE_VERSION "2020-11-30"
#define PACKAGE_STRING "cgenerator 2020-11-30"
#define PACKAGE_BUGREPORT "admin@labseni.com"
#define PACKAGE_URL ""
#define PACKAGE "cgenerator"
#define VERSION "2020-11-30"
#define STDC_HEADERS 1
#define HAVE_SYS_TYPES_H 1
#define HAVE_SYS_STAT_H 1
#define HAVE_STDLIB_H 1
#define HAVE_STRING_H 1
#define HAVE_MEMORY_H 1
#define HAVE_STRINGS_H 1
#define HAVE_INTTYPES_H 1
#define HAVE_STDINT_H 1
#define HAVE_UNISTD_H 1
#define HAVE_DLFCN_H 1
#define LT_OBJDIR ".libs/"

configure: exit 0

## ---------------------- ##
## Running config.status. ##
## ---------------------- ##

This file was extended by cgenerator config.status 2020-11-30, which was
generated by GNU Autoconf 2.69.  Invocation command line was

  CONFIG_FILES    = 
  CONFIG_HEADERS  = 
  CONFIG_LINKS    = 
  CONFIG_COMMANDS = 
  $ ./config.status 

on archi

config.status:1156: creating Makefile
config.status:1156: creating src/Makefile
config.status:1156: creating config.h
config.status:1337: config.h is unchanged
config.status:1385: executing depfiles commands
config.status:1462: cd src       && sed -e '/# am--include-marker/d' Makefile         | make -f - am--depfiles
make[1]: Entering directory '/home/faoziaziz/dev/qr-gen/vC/cgenerator/src'
make[1]: Leaving directory '/home/faoziaziz/dev/qr-gen/vC/cgenerator/src'
config.status:1467: $? = 0
config.status:1385: executing libtool commands
